<?xml version="1.0" encoding="UTF-8"?>
<testng-results skipped="0" failed="0" ignored="5" total="9" passed="4">
  <reporter-output>
  </reporter-output>
  <suite name="Suite" duration-ms="35403" started-at="2018-05-31T09:51:29Z" finished-at="2018-05-31T09:52:04Z">
    <groups>
    </groups>
    <test name="MTPharma" duration-ms="35403" started-at="2018-05-31T09:51:29Z" finished-at="2018-05-31T09:52:04Z">
      <class name="Application.Suite.AutomationTestSuite">
        <test-method status="PASS" signature="setup()[pri:0, instance:Application.Suite.AutomationTestSuite@4b9e13df]" name="setup" is-config="true" duration-ms="4" started-at="2018-05-31T15:21:29Z" finished-at="2018-05-31T15:21:29Z">
          <reporter-output>
          </reporter-output>
        </test-method> <!-- setup -->
        <test-method status="PASS" signature="reportsetup()[pri:0, instance:Application.Suite.AutomationTestSuite@4b9e13df]" name="reportsetup" is-config="true" duration-ms="116" started-at="2018-05-31T15:21:29Z" finished-at="2018-05-31T15:21:29Z">
          <reporter-output>
          </reporter-output>
        </test-method> <!-- reportsetup -->
        <test-method status="PASS" signature="driverstartup(java.lang.reflect.Method)[pri:0, instance:Application.Suite.AutomationTestSuite@4b9e13df]" name="driverstartup" is-config="true" duration-ms="15475" started-at="2018-05-31T15:21:29Z" finished-at="2018-05-31T15:21:44Z">
          <params>
            <param index="0">
              <value>
                <![CDATA[public void Application.Suite.AutomationTestSuite.Test_Case_firefox(java.lang.String[]) throws java.lang.ClassNotFoundException,java.lang.InstantiationException,java.lang.IllegalAccessException,java.lang.IllegalArgumentException,java.lang.reflect.InvocationTargetException,java.lang.NoSuchMethodException,java.lang.SecurityException,java.io.FileNotFoundException,java.io.IOException,org.json.simple.parser.ParseException]]>
              </value>
            </param>
          </params>
          <reporter-output>
          </reporter-output>
        </test-method> <!-- driverstartup -->
        <test-method status="PASS" signature="driverstartup(java.lang.reflect.Method)[pri:0, instance:Application.Suite.AutomationTestSuite@4b9e13df]" name="driverstartup" is-config="true" duration-ms="3768" started-at="2018-05-31T15:21:29Z" finished-at="2018-05-31T15:21:33Z">
          <params>
            <param index="0">
              <value>
                <![CDATA[public void Application.Suite.AutomationTestSuite.Test_Case_chrome(java.lang.String[]) throws java.lang.ClassNotFoundException,java.lang.InstantiationException,java.lang.IllegalAccessException,java.lang.IllegalArgumentException,java.lang.reflect.InvocationTargetException,java.lang.NoSuchMethodException,java.lang.SecurityException,java.io.FileNotFoundException,java.io.IOException,org.json.simple.parser.ParseException]]>
              </value>
            </param>
          </params>
          <reporter-output>
          </reporter-output>
        </test-method> <!-- driverstartup -->
        <test-method status="PASS" signature="Test_Case_chrome([Ljava.lang.String;)[pri:0, instance:Application.Suite.AutomationTestSuite@4b9e13df]" name="Test_Case_chrome" duration-ms="4683" started-at="2018-05-31T15:21:33Z" data-provider="test_Data_excel" finished-at="2018-05-31T15:21:38Z">
          <params>
            <param index="0">
              <value>
                <![CDATA[[Ljava.lang.String;@479d31f3]]>
              </value>
            </param>
          </params>
          <reporter-output>
          </reporter-output>
        </test-method> <!-- Test_Case_chrome -->
        <test-method status="PASS" signature="getResult(org.testng.ITestResult, java.lang.reflect.Method)[pri:0, instance:Application.Suite.AutomationTestSuite@4b9e13df]" name="getResult" is-config="true" duration-ms="2" started-at="2018-05-31T15:21:38Z" finished-at="2018-05-31T15:21:38Z">
          <params>
            <param index="0">
              <value>
                <![CDATA[[TestResult name=Test_Case_chrome status=SUCCESS method=AutomationTestSuite.Test_Case_chrome([Ljava.lang.String;)[pri:0, instance:Application.Suite.AutomationTestSuite@4b9e13df] output={null}]]]>
              </value>
            </param>
            <param index="1">
              <value>
                <![CDATA[public void Application.Suite.AutomationTestSuite.Test_Case_chrome(java.lang.String[]) throws java.lang.ClassNotFoundException,java.lang.InstantiationException,java.lang.IllegalAccessException,java.lang.IllegalArgumentException,java.lang.reflect.InvocationTargetException,java.lang.NoSuchMethodException,java.lang.SecurityException,java.io.FileNotFoundException,java.io.IOException,org.json.simple.parser.ParseException]]>
              </value>
            </param>
          </params>
          <reporter-output>
          </reporter-output>
        </test-method> <!-- getResult -->
        <test-method status="PASS" signature="driverstartup(java.lang.reflect.Method)[pri:0, instance:Application.Suite.AutomationTestSuite@4b9e13df]" name="driverstartup" is-config="true" duration-ms="3807" started-at="2018-05-31T15:21:38Z" finished-at="2018-05-31T15:21:42Z">
          <params>
            <param index="0">
              <value>
                <![CDATA[public void Application.Suite.AutomationTestSuite.Test_Case_chrome(java.lang.String[]) throws java.lang.ClassNotFoundException,java.lang.InstantiationException,java.lang.IllegalAccessException,java.lang.IllegalArgumentException,java.lang.reflect.InvocationTargetException,java.lang.NoSuchMethodException,java.lang.SecurityException,java.io.FileNotFoundException,java.io.IOException,org.json.simple.parser.ParseException]]>
              </value>
            </param>
          </params>
          <reporter-output>
          </reporter-output>
        </test-method> <!-- driverstartup -->
        <test-method status="PASS" signature="Test_Case_chrome([Ljava.lang.String;)[pri:0, instance:Application.Suite.AutomationTestSuite@4b9e13df]" name="Test_Case_chrome" duration-ms="7323" started-at="2018-05-31T15:21:42Z" data-provider="test_Data_excel" finished-at="2018-05-31T15:21:49Z">
          <params>
            <param index="0">
              <value>
                <![CDATA[[Ljava.lang.String;@40ef3420]]>
              </value>
            </param>
          </params>
          <reporter-output>
          </reporter-output>
        </test-method> <!-- Test_Case_chrome -->
        <test-method status="PASS" signature="Test_Case_firefox([Ljava.lang.String;)[pri:0, instance:Application.Suite.AutomationTestSuite@4b9e13df]" name="Test_Case_firefox" duration-ms="4882" started-at="2018-05-31T15:21:44Z" data-provider="test_Data" finished-at="2018-05-31T15:21:49Z">
          <params>
            <param index="0">
              <value>
                <![CDATA[[Ljava.lang.String;@498d318c]]>
              </value>
            </param>
          </params>
          <reporter-output>
          </reporter-output>
        </test-method> <!-- Test_Case_firefox -->
        <test-method status="PASS" signature="driverstartup(java.lang.reflect.Method)[pri:0, instance:Application.Suite.AutomationTestSuite@4b9e13df]" name="driverstartup" is-config="true" duration-ms="4537" started-at="2018-05-31T15:21:49Z" finished-at="2018-05-31T15:21:53Z">
          <params>
            <param index="0">
              <value>
                <![CDATA[public void Application.Suite.AutomationTestSuite.Test_Case_chrome(java.lang.String[]) throws java.lang.ClassNotFoundException,java.lang.InstantiationException,java.lang.IllegalAccessException,java.lang.IllegalArgumentException,java.lang.reflect.InvocationTargetException,java.lang.NoSuchMethodException,java.lang.SecurityException,java.io.FileNotFoundException,java.io.IOException,org.json.simple.parser.ParseException]]>
              </value>
            </param>
          </params>
          <reporter-output>
          </reporter-output>
        </test-method> <!-- driverstartup -->
        <test-method status="PASS" signature="getResult(org.testng.ITestResult, java.lang.reflect.Method)[pri:0, instance:Application.Suite.AutomationTestSuite@4b9e13df]" name="getResult" is-config="true" duration-ms="0" started-at="2018-05-31T15:21:49Z" finished-at="2018-05-31T15:21:49Z">
          <params>
            <param index="0">
              <value>
                <![CDATA[[TestResult name=Test_Case_chrome status=SUCCESS method=AutomationTestSuite.Test_Case_chrome([Ljava.lang.String;)[pri:0, instance:Application.Suite.AutomationTestSuite@4b9e13df] output={null}]]]>
              </value>
            </param>
            <param index="1">
              <value>
                <![CDATA[public void Application.Suite.AutomationTestSuite.Test_Case_chrome(java.lang.String[]) throws java.lang.ClassNotFoundException,java.lang.InstantiationException,java.lang.IllegalAccessException,java.lang.IllegalArgumentException,java.lang.reflect.InvocationTargetException,java.lang.NoSuchMethodException,java.lang.SecurityException,java.io.FileNotFoundException,java.io.IOException,org.json.simple.parser.ParseException]]>
              </value>
            </param>
          </params>
          <reporter-output>
          </reporter-output>
        </test-method> <!-- getResult -->
        <test-method status="PASS" signature="getResult(org.testng.ITestResult, java.lang.reflect.Method)[pri:0, instance:Application.Suite.AutomationTestSuite@4b9e13df]" name="getResult" is-config="true" duration-ms="0" started-at="2018-05-31T15:21:49Z" finished-at="2018-05-31T15:21:49Z">
          <params>
            <param index="0">
              <value>
                <![CDATA[[TestResult name=Test_Case_firefox status=SUCCESS method=AutomationTestSuite.Test_Case_firefox([Ljava.lang.String;)[pri:0, instance:Application.Suite.AutomationTestSuite@4b9e13df] output={null}]]]>
              </value>
            </param>
            <param index="1">
              <value>
                <![CDATA[public void Application.Suite.AutomationTestSuite.Test_Case_firefox(java.lang.String[]) throws java.lang.ClassNotFoundException,java.lang.InstantiationException,java.lang.IllegalAccessException,java.lang.IllegalArgumentException,java.lang.reflect.InvocationTargetException,java.lang.NoSuchMethodException,java.lang.SecurityException,java.io.FileNotFoundException,java.io.IOException,org.json.simple.parser.ParseException]]>
              </value>
            </param>
          </params>
          <reporter-output>
          </reporter-output>
        </test-method> <!-- getResult -->
        <test-method status="PASS" signature="Test_Case_chrome([Ljava.lang.String;)[pri:0, instance:Application.Suite.AutomationTestSuite@4b9e13df]" name="Test_Case_chrome" duration-ms="5362" started-at="2018-05-31T15:21:53Z" data-provider="test_Data_excel" finished-at="2018-05-31T15:21:59Z">
          <params>
            <param index="0">
              <value>
                <![CDATA[[Ljava.lang.String;@6e171cd7]]>
              </value>
            </param>
          </params>
          <reporter-output>
          </reporter-output>
        </test-method> <!-- Test_Case_chrome -->
        <test-method status="PASS" signature="getResult(org.testng.ITestResult, java.lang.reflect.Method)[pri:0, instance:Application.Suite.AutomationTestSuite@4b9e13df]" name="getResult" is-config="true" duration-ms="1" started-at="2018-05-31T15:21:59Z" finished-at="2018-05-31T15:21:59Z">
          <params>
            <param index="0">
              <value>
                <![CDATA[[TestResult name=Test_Case_chrome status=SUCCESS method=AutomationTestSuite.Test_Case_chrome([Ljava.lang.String;)[pri:0, instance:Application.Suite.AutomationTestSuite@4b9e13df] output={null}]]]>
              </value>
            </param>
            <param index="1">
              <value>
                <![CDATA[public void Application.Suite.AutomationTestSuite.Test_Case_chrome(java.lang.String[]) throws java.lang.ClassNotFoundException,java.lang.InstantiationException,java.lang.IllegalAccessException,java.lang.IllegalArgumentException,java.lang.reflect.InvocationTargetException,java.lang.NoSuchMethodException,java.lang.SecurityException,java.io.FileNotFoundException,java.io.IOException,org.json.simple.parser.ParseException]]>
              </value>
            </param>
          </params>
          <reporter-output>
          </reporter-output>
        </test-method> <!-- getResult -->
        <test-method status="PASS" signature="endReport()[pri:0, instance:Application.Suite.AutomationTestSuite@4b9e13df]" name="endReport" is-config="true" duration-ms="5254" started-at="2018-05-31T15:21:59Z" finished-at="2018-05-31T15:22:04Z">
          <reporter-output>
          </reporter-output>
        </test-method> <!-- endReport -->
      </class> <!-- Application.Suite.AutomationTestSuite -->
    </test> <!-- MTPharma -->
  </suite> <!-- Suite -->
</testng-results>
