<?xml version="1.0" encoding="UTF-8"?>
<!-- Generated by org.testng.reporters.JUnitXMLReporter -->
<testsuite hostname="PC380387" ignored="0" name="InpatientRegistration Test" tests="2" failures="0" timestamp="19 Jan 2018 14:08:28 GMT" time="22.19" errors="0">
  <testcase name="OutpatientRegistration" time="12.148" classname="com.mckesson.suite.InpatientRegistration.InpatientRegistrationTest"/>
  <testcase name="OutpatientRegistration" time="9.724" classname="com.mckesson.suite.InpatientRegistration.InpatientRegistrationTest"/>
</testsuite> <!-- InpatientRegistration Test -->
