<?xml version="1.0" encoding="UTF-8"?>
<!-- Generated by org.testng.reporters.JUnitXMLReporter -->
<testsuite hostname="A7461XV1" name="AddProduct Test" tests="3" failures="0" timestamp="5 Dec 2013 19:11:46 GMT" time="0.031" errors="0">
  <testcase name="@BeforeTest checkTestSkip" time="0.0" classname="com.mckesson.suite.shop.AddProductTest">
    <skipped/>
  </testcase> <!-- @BeforeTest checkTestSkip -->
  <testcase name="@AfterMethod reportDataSetResult" time="0.0" classname="com.mckesson.suite.shop.AddProductTest">
    <skipped/>
  </testcase> <!-- @AfterMethod reportDataSetResult -->
  <testcase name="@AfterMethod reportDataSetResult" time="0.0" classname="com.mckesson.suite.shop.AddProductTest">
    <skipped/>
  </testcase> <!-- @AfterMethod reportDataSetResult -->
  <testcase name="@AfterMethod reportDataSetResult" time="0.0" classname="com.mckesson.suite.shop.AddProductTest">
    <skipped/>
  </testcase> <!-- @AfterMethod reportDataSetResult -->
  <testcase name="@AfterTest reportTestResult" time="0.0" classname="com.mckesson.suite.shop.AddProductTest">
    <skipped/>
  </testcase> <!-- @AfterTest reportTestResult -->
  <testcase name="addProductToBasket" time="0.0" classname="com.mckesson.suite.shop.AddProductTest">
    <skipped/>
  </testcase> <!-- addProductToBasket -->
  <testcase name="addProductToBasket" time="0.0" classname="com.mckesson.suite.shop.AddProductTest">
    <skipped/>
  </testcase> <!-- addProductToBasket -->
  <testcase name="addProductToBasket" time="0.0" classname="com.mckesson.suite.shop.AddProductTest">
    <skipped/>
  </testcase> <!-- addProductToBasket -->
</testsuite> <!-- AddProduct Test -->
