<?xml version="1.0" encoding="UTF-8"?>
<!-- Generated by org.testng.reporters.JUnitXMLReporter -->
<testsuite hostname="A7461XV1" name="CheckProduct Display" tests="1" failures="0" timestamp="5 Dec 2013 19:11:46 GMT" time="0.0" errors="0">
  <testcase name="@BeforeTest checkTestSkip" time="0.0" classname="com.mckesson.suite.shop.CheckProductDisplay">
    <skipped/>
  </testcase> <!-- @BeforeTest checkTestSkip -->
  <testcase name="@AfterMethod reportDataSetResult" time="0.0" classname="com.mckesson.suite.shop.CheckProductDisplay">
    <skipped/>
  </testcase> <!-- @AfterMethod reportDataSetResult -->
  <testcase name="@AfterTest reportTestResult" time="0.0" classname="com.mckesson.suite.shop.CheckProductDisplay">
    <skipped/>
  </testcase> <!-- @AfterTest reportTestResult -->
  <testcase name="testcaseA1" time="0.0" classname="com.mckesson.suite.shop.CheckProductDisplay">
    <skipped/>
  </testcase> <!-- testcaseA1 -->
</testsuite> <!-- CheckProduct Display -->
