<?xml version="1.0" encoding="UTF-8"?>
<!-- Generated by org.testng.reporters.JUnitXMLReporter -->
<testsuite hostname="A7461XV1" name="Random Product selection test" tests="1" failures="0" timestamp="5 Dec 2013 19:11:46 GMT" time="0.015" errors="0">
  <testcase name="@BeforeTest checkTestSkip" time="0.0" classname="com.mckesson.suite.shop.RandomSelection">
    <skipped/>
  </testcase> <!-- @BeforeTest checkTestSkip -->
  <testcase name="@AfterMethod reportDataSetResult" time="0.0" classname="com.mckesson.suite.shop.RandomSelection">
    <skipped/>
  </testcase> <!-- @AfterMethod reportDataSetResult -->
  <testcase name="@AfterTest reportTestResult" time="0.0" classname="com.mckesson.suite.shop.RandomSelection">
    <skipped/>
  </testcase> <!-- @AfterTest reportTestResult -->
  <testcase name="testSelection" time="0.0" classname="com.mckesson.suite.shop.RandomSelection">
    <skipped/>
  </testcase> <!-- testSelection -->
</testsuite> <!-- Random Product selection test -->
