<?xml version="1.0" encoding="UTF-8"?>
<!-- Generated by org.testng.reporters.JUnitXMLReporter -->
<testsuite hostname="A7461XV1" name="Test C1" tests="4" failures="0" timestamp="4 Dec 2013 23:15:34 GMT" time="0.0070" errors="0">
  <testcase name="@BeforeTest checkTestSkip" time="0.0" classname="com.mckesson.suite.productdisplay.TestCase_C1">
    <skipped/>
  </testcase> <!-- @BeforeTest checkTestSkip -->
  <testcase name="testcaseC1" time="0.0010" classname="com.mckesson.suite.productdisplay.TestCase_C1">
    <skipped/>
  </testcase> <!-- testcaseC1 -->
  <testcase name="testcaseC1" time="0.0010" classname="com.mckesson.suite.productdisplay.TestCase_C1">
    <skipped/>
  </testcase> <!-- testcaseC1 -->
  <testcase name="testcaseC1" time="0.0010" classname="com.mckesson.suite.productdisplay.TestCase_C1">
    <skipped/>
  </testcase> <!-- testcaseC1 -->
  <testcase name="testcaseC1" time="0.0" classname="com.mckesson.suite.productdisplay.TestCase_C1">
    <skipped/>
  </testcase> <!-- testcaseC1 -->
</testsuite> <!-- Test C1 -->
