<?xml version="1.0" encoding="UTF-8"?>
<!-- Generated by org.testng.reporters.JUnitXMLReporter -->
<testsuite hostname="PC380387" ignored="3" name="Default test" tests="1" failures="0" timestamp="17 May 2018 13:04:50 GMT" time="0.058" errors="0">
  <testcase name="Test_Case_1" time="0.0" classname="Application.Suite.AutomationTestSuite">
    <skipped/>
  </testcase> <!-- Test_Case_1 -->
  <testcase name="Test_Case_2" time="0.0" classname="Application.Suite.AutomationTestSuite">
    <ignored/>
  </testcase> <!-- Test_Case_2 -->
  <testcase name="Test_Case_4" time="0.0" classname="Application.Suite.AutomationTestSuite">
    <ignored/>
  </testcase> <!-- Test_Case_4 -->
  <testcase name="Test_Case_3" time="0.0" classname="Application.Suite.AutomationTestSuite">
    <ignored/>
  </testcase> <!-- Test_Case_3 -->
</testsuite> <!-- Default test -->
