<?xml version="1.0" encoding="UTF-8"?>
<!-- Generated by org.testng.reporters.JUnitXMLReporter -->
<testsuite hostname="PC380387" ignored="8" name="Default test" tests="1" failures="0" timestamp="03 Jul 2018 15:49:51 GMT" time="20.721" errors="0">
  <testcase name="Test_AngularJs" time="10.589" classname="Application.Suite.AutomationTestSuite"/>
  <testcase name="Test_Case_JsonMap" time="0.0" classname="Application.Suite.AutomationTestSuite">
    <ignored/>
  </testcase> <!-- Test_Case_JsonMap -->
  <testcase name="Test_Case_1" time="0.0" classname="Application.Suite.AutomationTestSuite">
    <ignored/>
  </testcase> <!-- Test_Case_1 -->
  <testcase name="Test_Case_2" time="0.0" classname="Application.Suite.AutomationTestSuite">
    <ignored/>
  </testcase> <!-- Test_Case_2 -->
  <testcase name="Test_Case_firefox" time="0.0" classname="Application.Suite.AutomationTestSuite">
    <ignored/>
  </testcase> <!-- Test_Case_firefox -->
  <testcase name="Test_Case_chrome" time="0.0" classname="Application.Suite.AutomationTestSuite">
    <ignored/>
  </testcase> <!-- Test_Case_chrome -->
  <testcase name="Test_Case_4" time="0.0" classname="Application.Suite.AutomationTestSuite">
    <ignored/>
  </testcase> <!-- Test_Case_4 -->
  <testcase name="Test_Case_4" time="0.0" classname="Application.Suite.AutomationTestSuite">
    <ignored/>
  </testcase> <!-- Test_Case_4 -->
  <testcase name="Test_Case_3" time="0.0" classname="Application.Suite.AutomationTestSuite">
    <ignored/>
  </testcase> <!-- Test_Case_3 -->
</testsuite> <!-- Default test -->
