<?xml version="1.0" encoding="UTF-8"?>
<!-- Generated by org.testng.reporters.JUnitXMLReporter -->
<testsuite hostname="PC380387" ignored="5" name="MTPharma" tests="4" failures="0" timestamp="31 May 2018 09:52:04 GMT" time="35.403" errors="0">
  <testcase name="Test_Case_chrome" time="4.683" classname="Application.Suite.AutomationTestSuite"/>
  <testcase name="Test_Case_chrome" time="7.323" classname="Application.Suite.AutomationTestSuite"/>
  <testcase name="Test_Case_firefox" time="4.882" classname="Application.Suite.AutomationTestSuite"/>
  <testcase name="Test_Case_chrome" time="5.362" classname="Application.Suite.AutomationTestSuite"/>
  <testcase name="Test_Case_1" time="0.0" classname="Application.Suite.AutomationTestSuite">
    <ignored/>
  </testcase> <!-- Test_Case_1 -->
  <testcase name="Test_Case_2" time="0.0" classname="Application.Suite.AutomationTestSuite">
    <ignored/>
  </testcase> <!-- Test_Case_2 -->
  <testcase name="Test_Case_4" time="0.0" classname="Application.Suite.AutomationTestSuite">
    <ignored/>
  </testcase> <!-- Test_Case_4 -->
  <testcase name="Test_Case_4" time="0.0" classname="Application.Suite.AutomationTestSuite">
    <ignored/>
  </testcase> <!-- Test_Case_4 -->
  <testcase name="Test_Case_3" time="0.0" classname="Application.Suite.AutomationTestSuite">
    <ignored/>
  </testcase> <!-- Test_Case_3 -->
</testsuite> <!-- MTPharma -->
