<?xml version="1.0" encoding="UTF-8"?>
<!-- Generated by org.testng.reporters.JUnitXMLReporter -->
<testsuite hostname="PC380387" ignored="2" name="Test" tests="2" failures="1" timestamp="30 May 2018 06:58:57 GMT" time="0.147" errors="0">
  <testcase name="@BeforeMethod driverstartup" time="0.0" classname="Framework.Handler.TestBaseWebAutomation">
    <failure type="java.lang.NoSuchMethodException" message="Application.Suite.AutomationTestSuite.&amp;lt;init&amp;gt;(java.lang.String)">
      <![CDATA[java.lang.NoSuchMethodException: Application.Suite.AutomationTestSuite.<init>(java.lang.String)
	at java.lang.Class.getConstructor0(Unknown Source)
	at java.lang.Class.getConstructor(Unknown Source)
	at Framework.Handler.TestBaseWebAutomation.driverstartup(TestBaseWebAutomation.java:86)
	at sun.reflect.NativeMethodAccessorImpl.invoke0(Native Method)
	at sun.reflect.NativeMethodAccessorImpl.invoke(Unknown Source)
	at sun.reflect.DelegatingMethodAccessorImpl.invoke(Unknown Source)
	at java.lang.reflect.Method.invoke(Unknown Source)
	at org.testng.internal.MethodInvocationHelper.invokeMethod(MethodInvocationHelper.java:108)
	at org.testng.internal.Invoker.invokeConfigurationMethod(Invoker.java:523)
	at org.testng.internal.Invoker.invokeConfigurations(Invoker.java:224)
	at org.testng.internal.Invoker.invokeMethod(Invoker.java:599)
	at org.testng.internal.Invoker.invokeTestMethod(Invoker.java:877)
	at org.testng.internal.Invoker.invokeTestMethods(Invoker.java:1201)
	at org.testng.internal.TestMethodWorker.invokeTestMethods(TestMethodWorker.java:125)
	at org.testng.internal.TestMethodWorker.run(TestMethodWorker.java:109)
	at java.util.concurrent.ThreadPoolExecutor.runWorker(Unknown Source)
	at java.util.concurrent.ThreadPoolExecutor$Worker.run(Unknown Source)
	at java.lang.Thread.run(Unknown Source)
]]>
    </failure>
  </testcase> <!-- @BeforeMethod driverstartup -->
  <testcase name="@AfterMethod getResult" time="0.0" classname="Framework.Handler.TestBaseWebAutomation">
    <skipped/>
  </testcase> <!-- @AfterMethod getResult -->
  <testcase name="@AfterTest endReport" time="0.0" classname="Framework.Handler.TestBaseWebAutomation">
    <skipped/>
  </testcase> <!-- @AfterTest endReport -->
  <testcase name="Test_Case_2" time="0.015" classname="Application.Suite.AutomationTestSuite">
    <failure type="org.testng.internal.reflect.MethodMatcherException" message="
Data provider mismatch
Method: Test_Case_2([])
Arguments: [(java.lang.String) arun,(java.lang.String) pandian]">
      <![CDATA[org.testng.internal.reflect.MethodMatcherException: 
Data provider mismatch
Method: Test_Case_2([])
Arguments: [(java.lang.String) arun,(java.lang.String) pandian]
	at org.testng.internal.reflect.DataProviderMethodMatcher.getConformingArguments(DataProviderMethodMatcher.java:45)
	at org.testng.internal.Invoker.injectParameters(Invoker.java:1301)
	at org.testng.internal.Invoker.invokeTestMethods(Invoker.java:1195)
	at org.testng.internal.TestMethodWorker.invokeTestMethods(TestMethodWorker.java:125)
	at org.testng.internal.TestMethodWorker.run(TestMethodWorker.java:109)
	at java.util.concurrent.ThreadPoolExecutor.runWorker(Unknown Source)
	at java.util.concurrent.ThreadPoolExecutor$Worker.run(Unknown Source)
	at java.lang.Thread.run(Unknown Source)
]]>
    </failure>
  </testcase> <!-- Test_Case_2 -->
  <testcase name="Test_Case_1" time="0.0" classname="Application.Suite.AutomationTestSuite">
    <skipped/>
  </testcase> <!-- Test_Case_1 -->
  <testcase name="Test_Case_4" time="0.0" classname="Application.Suite.AutomationTestSuite">
    <ignored/>
  </testcase> <!-- Test_Case_4 -->
  <testcase name="Test_Case_3" time="0.0" classname="Application.Suite.AutomationTestSuite">
    <ignored/>
  </testcase> <!-- Test_Case_3 -->
</testsuite> <!-- Test -->
